C:\Program Files (x86)\Microsoft Visual Studio\2019\Community\MSBuild\Microsoft\VC\v160\Microsoft.CppBuild.targets(491,5): warning MSB8028: Le répertoire intermédiaire (x64\Debug\) contient des fichiers partagés provenant d'un autre projet (GameJam1.vcxproj). Cela peut entraîner un comportement de nettoyage et de regénération incorrect.
  AnimableEntity.cpp
C:\Users\alexc\Desktop\Documents\C++\Jam\GameJam-1\GameJam1\AnimableEntity.h(26,125): warning C4244: 'argument' : conversion de 'int' en 'float', perte possible de données
C:\Users\alexc\Desktop\Documents\C++\Jam\GameJam-1\GameJam1\AnimableEntity.cpp(11,60): warning C4244: 'argument' : conversion de 'T' en 'float', perte possible de données
          with
          [
              T=int
          ]
C:\Users\alexc\Desktop\Documents\C++\Jam\GameJam-1\GameJam1\AnimableEntity.cpp(11,43): warning C4244: 'argument' : conversion de 'int' en 'float', perte possible de données
  DefaultAnimableBuilder.cpp
C:\Users\alexc\Desktop\Documents\C++\Jam\GameJam-1\GameJam1\AnimableEntity.h(26,125): warning C4244: 'argument' : conversion de 'int' en 'float', perte possible de données
  DefaultEnvironmentElementBuilder.cpp
C:\Users\alexc\Desktop\Documents\C++\Jam\GameJam-1\GameJam1\AnimableEntity.h(26,125): warning C4244: 'argument' : conversion de 'int' en 'float', perte possible de données
C:\Users\alexc\Desktop\Documents\C++\Jam\GameJam-1\GameJam1\HitBox.h(22,99): warning C4244: 'argument' : conversion de 'float' en 'sf::Uint8', perte possible de données
C:\Users\alexc\Desktop\Documents\C++\Jam\GameJam-1\GameJam1\HitBox.h(22,96): warning C4244: 'argument' : conversion de 'float' en 'sf::Uint8', perte possible de données
C:\Users\alexc\Desktop\Documents\C++\Jam\GameJam-1\GameJam1\HitBox.h(22,93): warning C4244: 'argument' : conversion de 'float' en 'sf::Uint8', perte possible de données
C:\Users\alexc\Desktop\Documents\C++\Jam\GameJam-1\GameJam1\HitBox.h(22,90): warning C4244: 'argument' : conversion de 'float' en 'sf::Uint8', perte possible de données
  EnvironmentElement.cpp
C:\Users\alexc\Desktop\Documents\C++\Jam\GameJam-1\GameJam1\AnimableEntity.h(26,125): warning C4244: 'argument' : conversion de 'int' en 'float', perte possible de données
C:\Users\alexc\Desktop\Documents\C++\Jam\GameJam-1\GameJam1\HitBox.h(22,99): warning C4244: 'argument' : conversion de 'float' en 'sf::Uint8', perte possible de données
C:\Users\alexc\Desktop\Documents\C++\Jam\GameJam-1\GameJam1\HitBox.h(22,96): warning C4244: 'argument' : conversion de 'float' en 'sf::Uint8', perte possible de données
C:\Users\alexc\Desktop\Documents\C++\Jam\GameJam-1\GameJam1\HitBox.h(22,93): warning C4244: 'argument' : conversion de 'float' en 'sf::Uint8', perte possible de données
C:\Users\alexc\Desktop\Documents\C++\Jam\GameJam-1\GameJam1\HitBox.h(22,90): warning C4244: 'argument' : conversion de 'float' en 'sf::Uint8', perte possible de données
  Game.cpp
C:\Users\alexc\Desktop\Documents\C++\Jam\GameJam-1\GameJam1\AnimableEntity.h(26,125): warning C4244: 'argument' : conversion de 'int' en 'float', perte possible de données
C:\Users\alexc\Desktop\Documents\C++\Jam\GameJam-1\GameJam1\HitBox.h(22,99): warning C4244: 'argument' : conversion de 'float' en 'sf::Uint8', perte possible de données
C:\Users\alexc\Desktop\Documents\C++\Jam\GameJam-1\GameJam1\HitBox.h(22,96): warning C4244: 'argument' : conversion de 'float' en 'sf::Uint8', perte possible de données
C:\Users\alexc\Desktop\Documents\C++\Jam\GameJam-1\GameJam1\HitBox.h(22,93): warning C4244: 'argument' : conversion de 'float' en 'sf::Uint8', perte possible de données
C:\Users\alexc\Desktop\Documents\C++\Jam\GameJam-1\GameJam1\HitBox.h(22,90): warning C4244: 'argument' : conversion de 'float' en 'sf::Uint8', perte possible de données
C:\Users\alexc\Desktop\Documents\C++\Jam\GameJam-1\GameJam1\Game.cpp(22,45): warning C4244: 'argument' : conversion de 'float' en 'sf::Uint8', perte possible de données
  HitBox.cpp
C:\Users\alexc\Desktop\Documents\C++\Jam\GameJam-1\GameJam1\HitBox.h(22,99): warning C4244: 'argument' : conversion de 'float' en 'sf::Uint8', perte possible de données
C:\Users\alexc\Desktop\Documents\C++\Jam\GameJam-1\GameJam1\HitBox.h(22,96): warning C4244: 'argument' : conversion de 'float' en 'sf::Uint8', perte possible de données
C:\Users\alexc\Desktop\Documents\C++\Jam\GameJam-1\GameJam1\HitBox.h(22,93): warning C4244: 'argument' : conversion de 'float' en 'sf::Uint8', perte possible de données
C:\Users\alexc\Desktop\Documents\C++\Jam\GameJam-1\GameJam1\HitBox.h(22,90): warning C4244: 'argument' : conversion de 'float' en 'sf::Uint8', perte possible de données
  Interactable.cpp
  Map.cpp
C:\Users\alexc\Desktop\Documents\C++\Jam\GameJam-1\GameJam1\AnimableEntity.h(26,125): warning C4244: 'argument' : conversion de 'int' en 'float', perte possible de données
C:\Users\alexc\Desktop\Documents\C++\Jam\GameJam-1\GameJam1\HitBox.h(22,99): warning C4244: 'argument' : conversion de 'float' en 'sf::Uint8', perte possible de données
C:\Users\alexc\Desktop\Documents\C++\Jam\GameJam-1\GameJam1\HitBox.h(22,96): warning C4244: 'argument' : conversion de 'float' en 'sf::Uint8', perte possible de données
C:\Users\alexc\Desktop\Documents\C++\Jam\GameJam-1\GameJam1\HitBox.h(22,93): warning C4244: 'argument' : conversion de 'float' en 'sf::Uint8', perte possible de données
C:\Users\alexc\Desktop\Documents\C++\Jam\GameJam-1\GameJam1\HitBox.h(22,90): warning C4244: 'argument' : conversion de 'float' en 'sf::Uint8', perte possible de données
C:\Users\alexc\Desktop\Documents\C++\Jam\GameJam-1\GameJam1\Map.cpp(49,45): warning C4244: 'argument' : conversion de 'int' en 'float', perte possible de données
  Mineral.cpp
C:\Users\alexc\Desktop\Documents\C++\Jam\GameJam-1\GameJam1\AnimableEntity.h(26,125): warning C4244: 'argument' : conversion de 'int' en 'float', perte possible de données
C:\Users\alexc\Desktop\Documents\C++\Jam\GameJam-1\GameJam1\HitBox.h(22,99): warning C4244: 'argument' : conversion de 'float' en 'sf::Uint8', perte possible de données
C:\Users\alexc\Desktop\Documents\C++\Jam\GameJam-1\GameJam1\HitBox.h(22,96): warning C4244: 'argument' : conversion de 'float' en 'sf::Uint8', perte possible de données
C:\Users\alexc\Desktop\Documents\C++\Jam\GameJam-1\GameJam1\HitBox.h(22,93): warning C4244: 'argument' : conversion de 'float' en 'sf::Uint8', perte possible de données
C:\Users\alexc\Desktop\Documents\C++\Jam\GameJam-1\GameJam1\HitBox.h(22,90): warning C4244: 'argument' : conversion de 'float' en 'sf::Uint8', perte possible de données
  MovingEntity.cpp
C:\Users\alexc\Desktop\Documents\C++\Jam\GameJam-1\GameJam1\HitBox.h(22,99): warning C4244: 'argument' : conversion de 'float' en 'sf::Uint8', perte possible de données
C:\Users\alexc\Desktop\Documents\C++\Jam\GameJam-1\GameJam1\HitBox.h(22,96): warning C4244: 'argument' : conversion de 'float' en 'sf::Uint8', perte possible de données
C:\Users\alexc\Desktop\Documents\C++\Jam\GameJam-1\GameJam1\HitBox.h(22,93): warning C4244: 'argument' : conversion de 'float' en 'sf::Uint8', perte possible de données
C:\Users\alexc\Desktop\Documents\C++\Jam\GameJam-1\GameJam1\HitBox.h(22,90): warning C4244: 'argument' : conversion de 'float' en 'sf::Uint8', perte possible de données
  PerlinNoise.cpp
C:\Users\alexc\Desktop\Documents\C++\Jam\GameJam-1\GameJam1\PerlinNoise.cpp(11,78): warning C4244: 'argument' : conversion de 'float' en 'unsigned int', perte possible de données
C:\Users\alexc\Desktop\Documents\C++\Jam\GameJam-1\GameJam1\PerlinNoise.cpp(20,42): warning C4244: 'argument' : conversion de 'double' en 'float', perte possible de données
  Player.cpp
C:\Users\alexc\Desktop\Documents\C++\Jam\GameJam-1\GameJam1\HitBox.h(22,99): warning C4244: 'argument' : conversion de 'float' en 'sf::Uint8', perte possible de données
C:\Users\alexc\Desktop\Documents\C++\Jam\GameJam-1\GameJam1\HitBox.h(22,96): warning C4244: 'argument' : conversion de 'float' en 'sf::Uint8', perte possible de données
C:\Users\alexc\Desktop\Documents\C++\Jam\GameJam-1\GameJam1\HitBox.h(22,93): warning C4244: 'argument' : conversion de 'float' en 'sf::Uint8', perte possible de données
C:\Users\alexc\Desktop\Documents\C++\Jam\GameJam-1\GameJam1\HitBox.h(22,90): warning C4244: 'argument' : conversion de 'float' en 'sf::Uint8', perte possible de données
C:\Users\alexc\Desktop\Documents\C++\Jam\GameJam-1\GameJam1\AnimableEntity.h(26,125): warning C4244: 'argument' : conversion de 'int' en 'float', perte possible de données
  PlayerAttack.cpp
C:\Users\alexc\Desktop\Documents\C++\Jam\GameJam-1\GameJam1\AnimableEntity.h(26,125): warning C4244: 'argument' : conversion de 'int' en 'float', perte possible de données
  PlayerIdle.cpp
C:\Users\alexc\Desktop\Documents\C++\Jam\GameJam-1\GameJam1\AnimableEntity.h(26,125): warning C4244: 'argument' : conversion de 'int' en 'float', perte possible de données
  PlayerInteract.cpp
C:\Users\alexc\Desktop\Documents\C++\Jam\GameJam-1\GameJam1\AnimableEntity.h(26,125): warning C4244: 'argument' : conversion de 'int' en 'float', perte possible de données
  PlayerWalk.cpp
C:\Users\alexc\Desktop\Documents\C++\Jam\GameJam-1\GameJam1\AnimableEntity.h(26,125): warning C4244: 'argument' : conversion de 'int' en 'float', perte possible de données
  Tree.cpp
C:\Users\alexc\Desktop\Documents\C++\Jam\GameJam-1\GameJam1\AnimableEntity.h(26,125): warning C4244: 'argument' : conversion de 'int' en 'float', perte possible de données
C:\Users\alexc\Desktop\Documents\C++\Jam\GameJam-1\GameJam1\HitBox.h(22,99): warning C4244: 'argument' : conversion de 'float' en 'sf::Uint8', perte possible de données
C:\Users\alexc\Desktop\Documents\C++\Jam\GameJam-1\GameJam1\HitBox.h(22,96): warning C4244: 'argument' : conversion de 'float' en 'sf::Uint8', perte possible de données
C:\Users\alexc\Desktop\Documents\C++\Jam\GameJam-1\GameJam1\HitBox.h(22,93): warning C4244: 'argument' : conversion de 'float' en 'sf::Uint8', perte possible de données
C:\Users\alexc\Desktop\Documents\C++\Jam\GameJam-1\GameJam1\HitBox.h(22,90): warning C4244: 'argument' : conversion de 'float' en 'sf::Uint8', perte possible de données
  VoidAnimableBuilder.cpp
C:\Users\alexc\Desktop\Documents\C++\Jam\GameJam-1\GameJam1\AnimableEntity.h(26,125): warning C4244: 'argument' : conversion de 'int' en 'float', perte possible de données
  Génération de code en cours...
  main.cpp
C:\Users\alexc\Desktop\Documents\C++\Jam\GameJam-1\GameJam1\AnimableEntity.h(26,125): warning C4244: 'argument' : conversion de 'int' en 'float', perte possible de données
C:\Users\alexc\Desktop\Documents\C++\Jam\GameJam-1\GameJam1\HitBox.h(22,99): warning C4244: 'argument' : conversion de 'float' en 'sf::Uint8', perte possible de données
C:\Users\alexc\Desktop\Documents\C++\Jam\GameJam-1\GameJam1\HitBox.h(22,96): warning C4244: 'argument' : conversion de 'float' en 'sf::Uint8', perte possible de données
C:\Users\alexc\Desktop\Documents\C++\Jam\GameJam-1\GameJam1\HitBox.h(22,93): warning C4244: 'argument' : conversion de 'float' en 'sf::Uint8', perte possible de données
C:\Users\alexc\Desktop\Documents\C++\Jam\GameJam-1\GameJam1\HitBox.h(22,90): warning C4244: 'argument' : conversion de 'float' en 'sf::Uint8', perte possible de données
C:\Users\alexc\Desktop\Documents\C++\Jam\GameJam-1\GameJam1\main.cpp(13,15): warning C4244: 'argument' : conversion de 'time_t' en 'unsigned int', perte possible de données
  GameJam1.vcxproj -> C:\Users\alexc\Desktop\Documents\C++\Jam\GameJam-1\x64\Debug\Can'tSleep.exe
