  AnimableEntity.cpp
C:\Users\alexc\Desktop\Documents\C++\Jam\GameJam-1\GameJam1\AnimableEntity.h(26,125): warning C4244: 'argument' : conversion de 'int' en 'float', perte possible de données
C:\Users\alexc\Desktop\Documents\C++\Jam\GameJam-1\GameJam1\AnimableEntity.cpp(9,74): warning C4244: 'argument' : conversion de 'T' en 'float', perte possible de données
          with
          [
              T=unsigned int
          ]
C:\Users\alexc\Desktop\Documents\C++\Jam\GameJam-1\GameJam1\AnimableEntity.cpp(9,50): warning C4244: 'argument' : conversion de 'T' en 'float', perte possible de données
          with
          [
              T=unsigned int
          ]
  DefaultAnimableBuilder.cpp
C:\Users\alexc\Desktop\Documents\C++\Jam\GameJam-1\GameJam1\AnimableEntity.h(26,125): warning C4244: 'argument' : conversion de 'int' en 'float', perte possible de données
  DefaultEnvironmentElementBuilder.cpp
C:\Users\alexc\Desktop\Documents\C++\Jam\GameJam-1\GameJam1\AnimableEntity.h(26,125): warning C4244: 'argument' : conversion de 'int' en 'float', perte possible de données
  EnvironmentElement.cpp
C:\Users\alexc\Desktop\Documents\C++\Jam\GameJam-1\GameJam1\AnimableEntity.h(26,125): warning C4244: 'argument' : conversion de 'int' en 'float', perte possible de données
  Game.cpp
C:\Users\alexc\Desktop\Documents\C++\Jam\GameJam-1\GameJam1\AnimableEntity.h(26,125): warning C4244: 'argument' : conversion de 'int' en 'float', perte possible de données
C:\Users\alexc\Desktop\Documents\C++\Jam\GameJam-1\GameJam1\Game.cpp(17,45): warning C4244: 'argument' : conversion de 'float' en 'sf::Uint8', perte possible de données
  Map.cpp
C:\Users\alexc\Desktop\Documents\C++\Jam\GameJam-1\GameJam1\AnimableEntity.h(26,125): warning C4244: 'argument' : conversion de 'int' en 'float', perte possible de données
C:\Users\alexc\Desktop\Documents\C++\Jam\GameJam-1\GameJam1\Map.cpp(49,33): warning C4244: 'argument' : conversion de 'int' en 'float', perte possible de données
  Mineral.cpp
C:\Users\alexc\Desktop\Documents\C++\Jam\GameJam-1\GameJam1\AnimableEntity.h(26,125): warning C4244: 'argument' : conversion de 'int' en 'float', perte possible de données
  Player.cpp
C:\Users\alexc\Desktop\Documents\C++\Jam\GameJam-1\GameJam1\AnimableEntity.h(26,125): warning C4244: 'argument' : conversion de 'int' en 'float', perte possible de données
C:\Users\alexc\Desktop\Documents\C++\Jam\GameJam-1\GameJam1\Player.cpp(17,32): warning C4244: 'argument' : conversion de 'double' en 'float', perte possible de données
  PlayerAttack.cpp
C:\Users\alexc\Desktop\Documents\C++\Jam\GameJam-1\GameJam1\AnimableEntity.h(26,125): warning C4244: 'argument' : conversion de 'int' en 'float', perte possible de données
  PlayerIdle.cpp
C:\Users\alexc\Desktop\Documents\C++\Jam\GameJam-1\GameJam1\AnimableEntity.h(26,125): warning C4244: 'argument' : conversion de 'int' en 'float', perte possible de données
  PlayerInteract.cpp
C:\Users\alexc\Desktop\Documents\C++\Jam\GameJam-1\GameJam1\AnimableEntity.h(26,125): warning C4244: 'argument' : conversion de 'int' en 'float', perte possible de données
  PlayerWalk.cpp
C:\Users\alexc\Desktop\Documents\C++\Jam\GameJam-1\GameJam1\AnimableEntity.h(26,125): warning C4244: 'argument' : conversion de 'int' en 'float', perte possible de données
  Tree.cpp
C:\Users\alexc\Desktop\Documents\C++\Jam\GameJam-1\GameJam1\AnimableEntity.h(26,125): warning C4244: 'argument' : conversion de 'int' en 'float', perte possible de données
  VoidAnimableBuilder.cpp
C:\Users\alexc\Desktop\Documents\C++\Jam\GameJam-1\GameJam1\AnimableEntity.h(26,125): warning C4244: 'argument' : conversion de 'int' en 'float', perte possible de données
  Génération de code en cours...
  main.cpp
C:\Users\alexc\Desktop\Documents\C++\Jam\GameJam-1\GameJam1\AnimableEntity.h(26,125): warning C4244: 'argument' : conversion de 'int' en 'float', perte possible de données
C:\Users\alexc\Desktop\Documents\C++\Jam\GameJam-1\GameJam1\main.cpp(13,15): warning C4244: 'argument' : conversion de 'time_t' en 'unsigned int', perte possible de données
  GameJam1.vcxproj -> C:\Users\alexc\Desktop\Documents\C++\Jam\GameJam-1\x64\Debug\GameJam1.exe
