cl : ligne de commande warning D9002: option '/hotpatch' inconnue ignorée
  Game.cpp
C:\Users\alexc\Desktop\Documents\C++\Jam\Can'tSleep\Can'tSleep\header\Entities\Entity.h(22,36): warning C4244: 'argument' : conversion de 'int' en 'float', perte possible de données
C:\Users\alexc\Desktop\Documents\C++\Jam\Can'tSleep\Can'tSleep\header\Inventory\Inventory.h(22,9): warning C4804: '<' : utilisation risquée du type 'bool' dans l'opération
C:\Users\alexc\Desktop\Documents\C++\Jam\Can'tSleep\Can'tSleep\src\Game.cpp(19,45): warning C4244: 'argument' : conversion de 'float' en 'sf::Uint8', perte possible de données
C:\Users\alexc\Desktop\Documents\C++\Jam\Can'tSleep\Can'tSleep\src\Game.cpp(63,78): warning C4244: 'argument' : conversion de 'T' en 'int', perte possible de données
          with
          [
              T=float
          ]
C:\Users\alexc\Desktop\Documents\C++\Jam\Can'tSleep\Can'tSleep\src\Game.cpp(63,66): warning C4244: 'argument' : conversion de 'T' en 'int', perte possible de données
          with
          [
              T=float
          ]
C:\Users\alexc\Desktop\Documents\C++\Jam\Can'tSleep\Can'tSleep\src\Game.cpp(136,94): warning C4244: 'argument' : conversion de 'T' en 'int', perte possible de données
          with
          [
              T=float
          ]
C:\Users\alexc\Desktop\Documents\C++\Jam\Can'tSleep\Can'tSleep\src\Game.cpp(136,82): warning C4244: 'argument' : conversion de 'T' en 'int', perte possible de données
          with
          [
              T=float
          ]
C:\Users\alexc\Desktop\Documents\C++\Jam\Can'tSleep\Can'tSleep\src\Game.cpp(160,94): warning C4244: 'argument' : conversion de 'T' en 'int', perte possible de données
          with
          [
              T=float
          ]
C:\Users\alexc\Desktop\Documents\C++\Jam\Can'tSleep\Can'tSleep\src\Game.cpp(160,82): warning C4244: 'argument' : conversion de 'T' en 'int', perte possible de données
          with
          [
              T=float
          ]
  Can'tSleep.vcxproj -> C:\Users\alexc\Desktop\Documents\C++\Jam\Can'tSleep\bin\x64\Debug\Can'tSleep.exe
