c:\users\alexc\desktop\documents\c++\jam\can'tsleep\bin\intermediate\x64\debug\vc142.pdb
c:\users\alexc\desktop\documents\c++\jam\can'tsleep\bin\intermediate\x64\debug\vc142.idb
c:\users\alexc\desktop\documents\c++\jam\can'tsleep\bin\intermediate\x64\debug\playeridle.obj
c:\users\alexc\desktop\documents\c++\jam\can'tsleep\bin\intermediate\x64\debug\playerattack.obj
c:\users\alexc\desktop\documents\c++\jam\can'tsleep\bin\intermediate\x64\debug\player.obj
c:\users\alexc\desktop\documents\c++\jam\can'tsleep\bin\intermediate\x64\debug\perlinnoise.obj
c:\users\alexc\desktop\documents\c++\jam\can'tsleep\bin\intermediate\x64\debug\movingentity.obj
c:\users\alexc\desktop\documents\c++\jam\can'tsleep\bin\intermediate\x64\debug\mineral.obj
c:\users\alexc\desktop\documents\c++\jam\can'tsleep\bin\intermediate\x64\debug\map.obj
c:\users\alexc\desktop\documents\c++\jam\can'tsleep\bin\intermediate\x64\debug\item.obj
c:\users\alexc\desktop\documents\c++\jam\can'tsleep\bin\intermediate\x64\debug\inventory.obj
c:\users\alexc\desktop\documents\c++\jam\can'tsleep\bin\intermediate\x64\debug\interactable.obj
c:\users\alexc\desktop\documents\c++\jam\can'tsleep\bin\intermediate\x64\debug\hitbox.obj
c:\users\alexc\desktop\documents\c++\jam\can'tsleep\bin\intermediate\x64\debug\game.obj
c:\users\alexc\desktop\documents\c++\jam\can'tsleep\bin\intermediate\x64\debug\environmentelement.obj
c:\users\alexc\desktop\documents\c++\jam\can'tsleep\bin\intermediate\x64\debug\defaultenvironmentelementbuilder.obj
c:\users\alexc\desktop\documents\c++\jam\can'tsleep\bin\intermediate\x64\debug\defaultanimablebuilder.obj
c:\users\alexc\desktop\documents\c++\jam\can'tsleep\bin\intermediate\x64\debug\craftable.obj
c:\users\alexc\desktop\documents\c++\jam\can'tsleep\bin\intermediate\x64\debug\constructionitem.obj
c:\users\alexc\desktop\documents\c++\jam\can'tsleep\bin\intermediate\x64\debug\chest.obj
c:\users\alexc\desktop\documents\c++\jam\can'tsleep\bin\intermediate\x64\debug\axe.obj
c:\users\alexc\desktop\documents\c++\jam\can'tsleep\bin\intermediate\x64\debug\animableentity.obj
c:\users\alexc\desktop\documents\c++\jam\can'tsleep\bin\intermediate\x64\debug\voidanimablebuilder.obj
c:\users\alexc\desktop\documents\c++\jam\can'tsleep\bin\intermediate\x64\debug\tree.obj
c:\users\alexc\desktop\documents\c++\jam\can'tsleep\bin\intermediate\x64\debug\trap.obj
c:\users\alexc\desktop\documents\c++\jam\can'tsleep\bin\intermediate\x64\debug\textureloader.obj
c:\users\alexc\desktop\documents\c++\jam\can'tsleep\bin\intermediate\x64\debug\playerwoodaxe.obj
c:\users\alexc\desktop\documents\c++\jam\can'tsleep\bin\intermediate\x64\debug\playerwalk.obj
c:\users\alexc\desktop\documents\c++\jam\can'tsleep\bin\intermediate\x64\debug\playerinteract.obj
c:\users\alexc\desktop\documents\c++\jam\can'tsleep\bin\intermediate\x64\debug\main.obj
c:\users\alexc\desktop\documents\c++\jam\can'tsleep\bin\intermediate\x64\debug\can'tsleep.res
c:\users\alexc\desktop\documents\c++\jam\can'tsleep\bin\x64\debug\can'tsleep.exe
c:\users\alexc\desktop\documents\c++\jam\can'tsleep\bin\intermediate\x64\debug\can'tsleep.tlog\cl.command.1.tlog
c:\users\alexc\desktop\documents\c++\jam\can'tsleep\bin\intermediate\x64\debug\can'tsleep.tlog\cl.read.1.tlog
c:\users\alexc\desktop\documents\c++\jam\can'tsleep\bin\intermediate\x64\debug\can'tsleep.tlog\cl.write.1.tlog
c:\users\alexc\desktop\documents\c++\jam\can'tsleep\bin\intermediate\x64\debug\can'tsleep.tlog\link.command.1.tlog
c:\users\alexc\desktop\documents\c++\jam\can'tsleep\bin\intermediate\x64\debug\can'tsleep.tlog\link.read.1.tlog
c:\users\alexc\desktop\documents\c++\jam\can'tsleep\bin\intermediate\x64\debug\can'tsleep.tlog\link.write.1.tlog
c:\users\alexc\desktop\documents\c++\jam\can'tsleep\bin\intermediate\x64\debug\can'tsleep.tlog\rc.command.1.tlog
c:\users\alexc\desktop\documents\c++\jam\can'tsleep\bin\intermediate\x64\debug\can'tsleep.tlog\rc.read.1.tlog
c:\users\alexc\desktop\documents\c++\jam\can'tsleep\bin\intermediate\x64\debug\can'tsleep.tlog\rc.write.1.tlog
